\BOOKMARK [1][-]{section.1}{\376\377\000T\000a\000r\000e\000a}{}% 1
\BOOKMARK [1][-]{section.2}{\376\377\000E\000n\000t\000r\000e\000g\000a\000b\000l\000e\000s}{}% 2
\BOOKMARK [1][-]{section.3}{\376\377\000E\000q\000u\000i\000p\000o\000s\000,\000\040\000m\000a\000t\000e\000r\000i\000a\000l\000e\000s\000\040\000y\000\040\000t\000e\000m\000a\000s\000\040\000u\000t\000i\000l\000i\000z\000a\000d\000o\000s}{}% 3
\BOOKMARK [1][-]{section.4}{\376\377\000C\000a\000p\000t\000u\000r\000a\000\040\000d\000e\000\040\000P\000a\000n\000t\000a\000l\000l\000a}{}% 4
\BOOKMARK [1][-]{section.5}{\376\377\000U\000R\000L\000\040\000d\000e\000\040\000R\000e\000p\000o\000s\000i\000t\000o\000r\000i\000o\000\040\000G\000i\000t\000h\000u\000b}{}% 5
\BOOKMARK [1][-]{section.6}{\376\377\000D\000e\000s\000a\000r\000r\000o\000l\000l\000o\000\040\000d\000e\000l\000\040\000t\000r\000a\000b\000a\000j\000o}{}% 6
\BOOKMARK [2][-]{subsection.6.1}{\376\377\000I\000m\000\341\000g\000e\000n\000e\000s\000\040\000d\000e\000\040\000E\000j\000e\000c\000u\000c\000i\000\363\000n}{section.6}% 7
\BOOKMARK [2][-]{subsection.6.2}{\376\377\000M\000o\000d\000e\000l\000o\000s\000\040\040\023\000\040\000A\000p\000l\000i\000c\000a\000c\000i\000\363\000n\000\040\000p\000e\000r\000s\000o\000n\000a\000s}{section.6}% 8
\BOOKMARK [2][-]{subsection.6.3}{\376\377\000V\000i\000s\000t\000a\000s\000\040\040\023\000\040\000A\000p\000l\000i\000c\000a\000c\000i\000\363\000n\000\040\000p\000e\000r\000s\000o\000n\000a\000s}{section.6}% 9
\BOOKMARK [3][-]{subsubsection.6.3.1}{\376\377\000I\000m\000p\000o\000r\000t\000a\000c\000i\000o\000n\000e\000s}{subsection.6.3}% 10
\BOOKMARK [3][-]{subsubsection.6.3.2}{\376\377\000V\000i\000s\000t\000a\000\040\000P\000e\000r\000s\000o\000n\000a\000Q\000u\000e\000r\000y\000V\000i\000e\000w\000\050\000\051}{subsection.6.3}% 11
\BOOKMARK [3][-]{subsubsection.6.3.3}{\376\377\000V\000i\000s\000t\000a\000\040\000P\000e\000r\000s\000o\000n\000a\000D\000e\000t\000a\000i\000l\000V\000i\000e\000w\000\050\000\051}{subsection.6.3}% 12
\BOOKMARK [3][-]{subsubsection.6.3.4}{\376\377\000V\000i\000s\000t\000a\000\040\000P\000e\000r\000s\000o\000n\000a\000L\000i\000s\000t\000V\000i\000e\000w\000\050\000\051}{subsection.6.3}% 13
\BOOKMARK [3][-]{subsubsection.6.3.5}{\376\377\000V\000i\000s\000t\000a\000\040\000P\000e\000r\000s\000o\000n\000a\000C\000r\000e\000a\000t\000e\000V\000i\000e\000w\000\050\000\051}{subsection.6.3}% 14
\BOOKMARK [3][-]{subsubsection.6.3.6}{\376\377\000V\000i\000s\000t\000a\000\040\000P\000e\000r\000s\000o\000n\000a\000U\000p\000d\000a\000t\000e\000V\000i\000e\000w\000\050\000\051}{subsection.6.3}% 15
\BOOKMARK [3][-]{subsubsection.6.3.7}{\376\377\000V\000i\000s\000t\000a\000\040\000P\000e\000r\000s\000o\000n\000a\000D\000e\000l\000e\000t\000e\000V\000i\000e\000w\000\050\000\051}{subsection.6.3}% 16
\BOOKMARK [2][-]{subsection.6.4}{\376\377\000U\000R\000L\000s}{section.6}% 17
\BOOKMARK [3][-]{subsubsection.6.4.1}{\376\377\000u\000r\000l\000s\000\040\000d\000e\000l\000\040\000p\000r\000o\000y\000e\000c\000t\000o\000\040\000l\000i\000s\000t\000a\000C\000o\000n\000t\000a\000c\000t\000o\000s}{subsection.6.4}% 18
\BOOKMARK [3][-]{subsubsection.6.4.2}{\376\377\000u\000r\000l\000s\000\040\000d\000e\000\040\000l\000a\000\040\000a\000p\000l\000i\000c\000a\000c\000i\000\363\000n\000\040\000p\000e\000r\000s\000o\000n\000a\000s}{subsection.6.4}% 19
\BOOKMARK [1][-]{section.7}{\376\377\000T\000e\000m\000p\000l\000a\000t\000e\000s}{}% 20
\BOOKMARK [2][-]{subsection.7.1}{\376\377\000P\000l\000a\000n\000t\000i\000l\000l\000a\000\040\000m\000o\000d\000i\000f\000i\000c\000a\000d\000a\000\040\000b\000a\000s\000e\000.\000h\000t\000m\000l}{section.7}% 21
\BOOKMARK [2][-]{subsection.7.2}{\376\377\000P\000l\000a\000n\000t\000i\000l\000l\000a\000\040\000p\000e\000r\000s\000o\000n\000a\000\137\000l\000i\000s\000t\000.\000h\000t\000m\000l}{section.7}% 22
\BOOKMARK [2][-]{subsection.7.3}{\376\377\000P\000l\000a\000n\000t\000i\000l\000l\000a\000\040\000p\000e\000r\000s\000o\000n\000a\000\137\000d\000e\000t\000a\000i\000l\000.\000h\000t\000m\000l}{section.7}% 23
\BOOKMARK [2][-]{subsection.7.4}{\376\377\000P\000l\000a\000n\000t\000i\000l\000l\000a\000\040\000p\000e\000r\000s\000o\000n\000a\000\137\000f\000o\000r\000m\000.\000h\000t\000m\000l}{section.7}% 24
\BOOKMARK [2][-]{subsection.7.5}{\376\377\000P\000l\000a\000n\000t\000i\000l\000l\000a\000\040\000p\000e\000r\000s\000o\000n\000a\000\137\000c\000o\000n\000f\000i\000r\000m\000\137\000d\000e\000l\000e\000t\000e\000.\000h\000t\000m\000l}{section.7}% 25
\BOOKMARK [2][-]{subsection.7.6}{\376\377\000E\000j\000e\000c\000u\000c\000i\000\363\000n\000\040\000d\000e\000l\000\040\000s\000e\000r\000v\000i\000d\000o\000r}{section.7}% 26
\BOOKMARK [1][-]{section.8}{\376\377\000C\000o\000n\000c\000l\000u\000s\000i\000o\000n\000e\000s}{}% 27
\BOOKMARK [2][-]{subsection.8.1}{\376\377\000R\000\372\000b\000r\000i\000c\000a\000\040\000p\000a\000r\000a\000\040\000e\000l\000\040\000c\000o\000n\000t\000e\000n\000i\000d\000o\000\040\000d\000e\000l\000\040\000I\000n\000f\000o\000r\000m\000e\000\040\000y\000\040\000d\000e\000m\000o\000s\000t\000r\000a\000c\000i\000\363\000n}{section.8}% 28
\BOOKMARK [1][-]{section.9}{\376\377\000R\000e\000f\000e\000r\000e\000n\000c\000i\000a\000s}{}% 29
